<?xml version="1.0" encoding="UTF-8"?>
<testng-results skipped="0" failed="0" total="1" passed="1">
  <reporter-output>
  </reporter-output>
  <suite name="ERP_Maven" duration-ms="41963" started-at="2020-01-10T11:14:04Z" finished-at="2020-01-10T11:14:46Z">
    <groups>
    </groups>
    <test name="Test" duration-ms="41963" started-at="2020-01-10T11:14:04Z" finished-at="2020-01-10T11:14:46Z">
      <class name="DriverFactory.DriverScript">
        <test-method status="PASS" signature="ERP_Account()[pri:0, instance:DriverFactory.DriverScript@2fc14f68]" name="ERP_Account" duration-ms="41944" started-at="2020-01-10T16:44:04Z" finished-at="2020-01-10T16:44:46Z">
          <reporter-output>
          </reporter-output>
        </test-method> <!-- ERP_Account -->
      </class> <!-- DriverFactory.DriverScript -->
    </test> <!-- Test -->
  </suite> <!-- ERP_Maven -->
</testng-results>
